 ENTRY TO PSQP :
 NIT=   0  NFV=   1  NFG=   1  F=-.272774E-01  C=0.3E+03  G=0.1E+61
 NIT=   1  NFV=   2  NFG=   2  F=0.551326      C=0.1E+03  G=0.1E+01
 NIT=   2  NFV=   3  NFG=   3  F= 1.34520      C=0.6E+02  G=0.1E+01
 NIT=   3  NFV=   4  NFG=   4  F= 6.91848      C=0.3E+02  G=0.2E+01
 NIT=   4  NFV=   5  NFG=   5  F= 19.6403      C=0.2E+02  G=0.3E+01
 NIT=   5  NFV=   6  NFG=   6  F= 48.6087      C=0.7E+01  G=0.4E+01
 NIT=   6  NFV=   7  NFG=   7  F= 109.847      C=0.3E+01  G=0.5E+01
 NIT=   7  NFV=   8  NFG=   8  F= 186.409      C=0.1E+01  G=0.6E+01
 NIT=   8  NFV=   9  NFG=   9  F= 176.199      C=0.5E+00  G=0.5E+01
 NIT=   9  NFV=  10  NFG=  10  F= 47.1413      C=0.1E+00  G=0.3E+01
 NIT=  10  NFV=  11  NFG=  11  F=-4.65895      C=0.1E-01  G=0.5E+00
 NIT=  11  NFV=  12  NFG=  12  F=-6.13536      C=0.0E+00  G=0.3E-01
 NIT=  12  NFV=  13  NFG=  13  F=-8.05618      C=0.0E+00  G=0.6E-01
 NIT=  13  NFV=  14  NFG=  14  F=-9.57660      C=0.6E-02  G=0.6E-01
 NIT=  14  NFV=  15  NFG=  15  F=-9.85347      C=0.0E+00  G=0.1E+01
 NIT=  15  NFV=  16  NFG=  16  F=-9.85840      C=0.4E-07  G=0.1E-01
 NIT=  16  NFV=  17  NFG=  17  F=-9.85840      C=0.4E-13  G=0.1E-04
 EXIT FROM PSQP :
 NIT=  17  NFV=  17  NFG=  17  F=-9.85840      C=0.4E-13  G=0.3E-11  ITERM=  4
