



   ---------------------------------------------------------------------------
     START OF THE SEQUENTIAL LEAST SQUARES PROGRAMMING ALGORIT  
   ---------------------------------------------------------------------------

     PARAMETERS:
        ACC =   0.1000D-05
        MAXITER =***
        IPRINT =   1
IOUT =   6




     ITER =    1     OBJ = -0.17686320E+02
      0.1418E+01
      0.1156E+01
      0.1000E-05
      0.1000E-05
      0.1000E-05
      0.1000E-05
      0.8578E+01
      0.8685E+01
      0.8802E+01
      0.8931E+01
      0.9062E+01
      0.9185E+01
      0.9289E+01
      0.9365E+01
      0.9405E+01
      0.9405E+01
      0.9365E+01
      0.9289E+01
      0.9185E+01
      0.9062E+01
      0.8931E+01
      0.8802E+01
      0.1000E-05
      0.8685E+01
      0.8578E+01
      0.6412E+00
      0.6412E+00
      0.2434E+00
      0.2198E+00
      0.2441E+00
      0.2906E+00
      0.3456E+00
      0.4002E+00
      0.4475E+00
      0.4821E+00
      0.5003E+00
      0.5003E+00
      0.4821E+00
      0.4475E+00
      0.4002E+00
      0.3456E+00
      0.2906E+00
      0.2441E+00
      0.2198E+00
      0.2434E+00


     ITER =    2     OBJ = -0.18630594E+02
      0.1420E+01
      0.1168E+01
      0.1000E-05
      0.1000E-05
      0.1000E-05
      0.1000E-05
      0.8697E+01
      0.8861E+01
      0.9059E+01
      0.9257E+01
      0.9467E+01
      0.9665E+01
      0.9831E+01
      0.9952E+01
      0.1002E+02
      0.1002E+02
      0.9952E+01
      0.9831E+01
      0.9665E+01
      0.9467E+01
      0.9257E+01
      0.9059E+01
      0.2361E+00
      0.8861E+01
      0.8697E+01
      0.2914E+00
      0.2914E+00
     -0.1518E+00
     -0.1322E+00
     -0.1119E+00
     -0.9034E-01
     -0.6767E-01
     -0.3142E-01
      0.3601E-01
      0.8478E-01
      0.1104E+00
      0.1104E+00
      0.8478E-01
      0.3601E-01
     -0.3142E-01
     -0.6767E-01
     -0.9034E-01
     -0.1119E+00
     -0.1322E+00
     -0.1518E+00


     ITER =    3     OBJ = -0.19412691E+02
      0.1425E+01
      0.1209E+01
      0.5258E-01
      0.1000E-05
      0.1000E-05
      0.1000E-05
      0.8775E+01
      0.9029E+01
      0.9264E+01
      0.9516E+01
      0.9790E+01
      0.1006E+02
      0.1028E+02
      0.1044E+02
      0.1053E+02
      0.1053E+02
      0.1044E+02
      0.1028E+02
      0.1006E+02
      0.9790E+01
      0.9516E+01
      0.9264E+01
      0.2933E+00
      0.9029E+01
      0.8775E+01
      0.4108E+00
      0.4108E+00
     -0.1737E+00
     -0.1375E+00
     -0.1123E+00
     -0.8365E-01
     -0.5267E-01
     -0.2371E-01
      0.5651E-03
      0.2099E-01
      0.3934E-01
      0.3934E-01
      0.2099E-01
      0.5651E-03
     -0.2371E-01
     -0.5267E-01
     -0.8365E-01
     -0.1123E+00
     -0.1375E+00
     -0.1737E+00


     ITER =    4     OBJ = -0.21236534E+02
      0.1450E+01
      0.1378E+01
      0.2567E+00
      0.1000E-05
      0.1000E-05
      0.1000E-05
      0.9045E+01
      0.9513E+01
      0.9844E+01
      0.1019E+02
      0.1059E+02
      0.1099E+02
      0.1132E+02
      0.1154E+02
      0.1168E+02
      0.1168E+02
      0.1154E+02
      0.1132E+02
      0.1099E+02
      0.1059E+02
      0.1019E+02
      0.9844E+01
      0.4460E+00
      0.9513E+01
      0.9045E+01
      0.5887E+00
      0.5887E+00
     -0.1733E+00
     -0.1335E+00
     -0.9809E-01
     -0.5996E-01
     -0.1656E-01
      0.2337E-01
      0.7620E-01
      0.1204E+00
      0.1456E+00
      0.1456E+00
      0.1204E+00
      0.7620E-01
      0.2337E-01
     -0.1656E-01
     -0.5996E-01
     -0.9809E-01
     -0.1335E+00
     -0.1733E+00


     ITER =    5     OBJ = -0.22357614E+02
      0.1531E+01
      0.1394E+01
      0.4133E+00
      0.1000E-05
      0.1000E-05
      0.1000E-05
      0.9505E+01
      0.1011E+02
      0.1046E+02
      0.1079E+02
      0.1118E+02
      0.1158E+02
      0.1190E+02
      0.1212E+02
      0.1225E+02
      0.1225E+02
      0.1212E+02
      0.1190E+02
      0.1158E+02
      0.1118E+02
      0.1079E+02
      0.1046E+02
      0.5252E+00
      0.1011E+02
      0.9505E+01
      0.5627E+00
      0.5627E+00
      0.2595E+00
     -0.3343E-01
     -0.4536E-01
     -0.2365E-01
      0.2213E-01
      0.7331E-01
      0.1578E+00
      0.2283E+00
      0.2617E+00
      0.2617E+00
      0.2283E+00
      0.1578E+00
      0.7331E-01
      0.2213E-01
     -0.2365E-01
     -0.4536E-01
     -0.3343E-01
      0.2595E+00


     ITER =    6     OBJ = -0.25295070E+02
      0.1771E+01
      0.1280E+01
      0.2963E+00
      0.2745E+00
      0.1000E-05
      0.1000E-05
      0.1086E+02
      0.1183E+02
      0.1220E+02
      0.1241E+02
      0.1275E+02
      0.1311E+02
      0.1341E+02
      0.1358E+02
      0.1372E+02
      0.1372E+02
      0.1358E+02
      0.1341E+02
      0.1311E+02
      0.1275E+02
      0.1241E+02
      0.1220E+02
      0.7511E+00
      0.1183E+02
      0.1086E+02
      0.5503E+00
      0.5503E+00
      0.7249E+00
      0.7769E-01
      0.4867E-01
      0.7403E-01
      0.1352E+00
      0.1916E+00
      0.2347E+00
      0.3372E+00
      0.3887E+00
      0.3887E+00
      0.3372E+00
      0.2347E+00
      0.1916E+00
      0.1352E+00
      0.7403E-01
      0.4867E-01
      0.7769E-01
      0.7249E+00


     ITER =    7     OBJ = -0.38478367E+02
      0.3028E+01
      0.7121E+00
      0.1000E-05
      0.3911E+00
      0.1000E-05
      0.1000E-05
      0.1794E+02
      0.2067E+02
      0.2089E+02
      0.2028E+02
      0.2007E+02
      0.2003E+02
      0.1998E+02
      0.1985E+02
      0.1988E+02
      0.1988E+02
      0.1985E+02
      0.1998E+02
      0.2003E+02
      0.2007E+02
      0.2028E+02
      0.2089E+02
      0.2164E+01
      0.2067E+02
      0.1794E+02
      0.4006E+00
      0.4006E+00
      0.1520E+00
      0.4817E+00
      0.4618E+00
      0.3527E+00
      0.3977E+00
      0.4572E+00
      0.2640E+00
      0.2857E+00
      0.4059E+00
      0.4059E+00
      0.2858E+00
      0.2640E+00
      0.4572E+00
      0.3977E+00
      0.3527E+00
      0.4618E+00
      0.4817E+00
      0.1519E+00


     ITER =    8     OBJ = -0.53278152E+02
      0.3548E+01
      0.8835E+00
      0.3502E+00
      0.1000E-05
      0.1000E-05
      0.1000E-05
      0.2526E+02
      0.2866E+02
      0.2797E+02
      0.2801E+02
      0.2783E+02
      0.2778E+02
      0.2775E+02
      0.2754E+02
      0.2760E+02
      0.2760E+02
      0.2754E+02
      0.2775E+02
      0.2778E+02
      0.2783E+02
      0.2801E+02
      0.2797E+02
      0.3807E+01
      0.2866E+02
      0.2526E+02
      0.2754E+00
      0.2754E+00
      0.4497E+00
      0.2534E+00
      0.2501E+00
      0.2950E+00
      0.2667E+00
      0.2315E+00
      0.2456E+00
      0.2088E+00
      0.2422E+00
      0.2422E+00
      0.2088E+00
      0.2456E+00
      0.2315E+00
      0.2667E+00
      0.2950E+00
      0.2501E+00
      0.2534E+00
      0.4497E+00


     ITER =    9     OBJ = -0.66834626E+02
      0.3546E+01
      0.1119E+01
      0.2205E+00
      0.1040E-05
      0.1001E-05
      0.9988E-06
      0.3375E+02
      0.3536E+02
      0.3449E+02
      0.3493E+02
      0.3499E+02
      0.3500E+02
      0.3492E+02
      0.3455E+02
      0.3460E+02
      0.3460E+02
      0.3455E+02
      0.3492E+02
      0.3500E+02
      0.3499E+02
      0.3493E+02
      0.3449E+02
      0.5254E+01
      0.3536E+02
      0.3375E+02
      0.2518E+00
      0.2518E+00
      0.2392E+00
      0.2567E+00
      0.2469E+00
      0.2303E+00
      0.2365E+00
      0.2467E+00
      0.2343E+00
      0.2016E+00
      0.2088E+00
      0.2088E+00
      0.2016E+00
      0.2343E+00
      0.2467E+00
      0.2365E+00
      0.2303E+00
      0.2469E+00
      0.2567E+00
      0.2392E+00


     ITER =   10     OBJ = -0.75312831E+02
      0.3465E+01
      0.1236E+01
     -0.4607E-05
     -0.2073E-05
      0.9305E-06
      0.1088E-05
      0.3921E+02
      0.3912E+02
      0.3925E+02
      0.3925E+02
      0.3923E+02
      0.3921E+02
      0.3925E+02
      0.3912E+02
      0.3916E+02
      0.3916E+02
      0.3912E+02
      0.3925E+02
      0.3921E+02
      0.3923E+02
      0.3925E+02
      0.3925E+02
      0.6173E+01
      0.3912E+02
      0.3921E+02
      0.2108E+00
      0.2108E+00
      0.2124E+00
      0.2103E+00
      0.2115E+00
      0.2141E+00
      0.2130E+00
      0.2115E+00
      0.2128E+00
      0.2173E+00
      0.2063E+00
      0.2068E+00
      0.2173E+00
      0.2128E+00
      0.2115E+00
      0.2130E+00
      0.2141E+00
      0.2115E+00
      0.2103E+00
      0.2124E+00


     ITER =   11     OBJ = -0.77695125E+02
      0.3450E+01
      0.1194E+01
     -0.8639E-03
     -0.5449E-04
     -0.2978E-06
      0.2494E-05
      0.4044E+02
      0.4043E+02
      0.4044E+02
      0.4043E+02
      0.4043E+02
      0.4044E+02
      0.4043E+02
      0.4043E+02
      0.4044E+02
      0.4044E+02
      0.4043E+02
      0.4043E+02
      0.4044E+02
      0.4043E+02
      0.4043E+02
      0.4044E+02
      0.6424E+01
      0.4043E+02
      0.4044E+02
      0.2087E+00
      0.2087E+00
      0.2085E+00
      0.2087E+00
      0.2087E+00
      0.2086E+00
      0.2087E+00
      0.2087E+00
      0.2087E+00
      0.2088E+00
      0.2089E+00
      0.2089E+00
      0.2088E+00
      0.2087E+00
      0.2087E+00
      0.2087E+00
      0.2086E+00
      0.2087E+00
      0.2087E+00
      0.2085E+00


     ITER =   12     OBJ = -0.77878158E+02
      0.3449E+01
      0.1192E+01
     -0.1823E-02
     -0.1158E-03
     -0.1731E-05
      0.4130E-05
      0.4054E+02
      0.4053E+02
      0.4053E+02
      0.4053E+02
      0.4053E+02
      0.4053E+02
      0.4053E+02
      0.4053E+02
      0.4054E+02
      0.4054E+02
      0.4053E+02
      0.4053E+02
      0.4053E+02
      0.4053E+02
      0.4053E+02
      0.4053E+02
      0.6443E+01
      0.4053E+02
      0.4054E+02
      0.2083E+00
      0.2083E+00
      0.2080E+00
      0.2084E+00
      0.2084E+00
      0.2082E+00
      0.2083E+00
      0.2084E+00
      0.2084E+00
      0.2083E+00
      0.2090E+00
      0.2090E+00
      0.2083E+00
      0.2084E+00
      0.2084E+00
      0.2083E+00
      0.2082E+00
      0.2084E+00
      0.2084E+00
      0.2080E+00


     ITER =   13     OBJ = -0.11953235E+03
      0.3213E+01
      0.8192E+00
     -0.2213E+00
     -0.1415E-01
     -0.3294E-03
      0.3779E-03
      0.6337E+02
      0.6251E+02
      0.6165E+02
      0.6144E+02
      0.6166E+02
      0.6186E+02
      0.6154E+02
      0.6322E+02
      0.6277E+02
      0.6276E+02
      0.6323E+02
      0.6154E+02
      0.6186E+02
      0.6166E+02
      0.6144E+02
      0.6165E+02
      0.1086E+02
      0.6251E+02
      0.6337E+02
      0.1310E+00
      0.1309E+00
      0.8456E-01
      0.1404E+00
      0.1334E+00
      0.1045E+00
      0.1197E+00
      0.1378E+00
      0.1331E+00
      0.1076E+00
      0.2202E+00
      0.2148E+00
      0.1070E+00
      0.1329E+00
      0.1377E+00
      0.1197E+00
      0.1045E+00
      0.1334E+00
      0.1405E+00
      0.8435E-01


     ITER =   14     OBJ = -0.11954770E+03
      0.3212E+01
      0.8190E+00
     -0.2214E+00
     -0.1416E-01
     -0.3295E-03
      0.3781E-03
      0.6338E+02
      0.6252E+02
      0.6166E+02
      0.6145E+02
      0.6167E+02
      0.6187E+02
      0.6155E+02
      0.6322E+02
      0.6278E+02
      0.6276E+02
      0.6324E+02
      0.6155E+02
      0.6187E+02
      0.6167E+02
      0.6145E+02
      0.6166E+02
      0.1086E+02
      0.6252E+02
      0.6338E+02
      0.1309E+00
      0.1309E+00
      0.8451E-01
      0.1404E+00
      0.1334E+00
      0.1044E+00
      0.1197E+00
      0.1377E+00
      0.1331E+00
      0.1075E+00
      0.2202E+00
      0.2148E+00
      0.1070E+00
      0.1329E+00
      0.1377E+00
      0.1197E+00
      0.1044E+00
      0.1334E+00
      0.1404E+00
      0.8431E-01


     ITER =   15     OBJ = -0.11994182E+03
      0.3210E+01
      0.8155E+00
     -0.2235E+00
     -0.1429E-01
     -0.3326E-03
      0.3816E-03
      0.6360E+02
      0.6272E+02
      0.6186E+02
      0.6164E+02
      0.6187E+02
      0.6207E+02
      0.6175E+02
      0.6344E+02
      0.6299E+02
      0.6297E+02
      0.6346E+02
      0.6174E+02
      0.6207E+02
      0.6187E+02
      0.6164E+02
      0.6186E+02
      0.1090E+02
      0.6272E+02
      0.6360E+02
      0.1302E+00
      0.1302E+00
      0.8335E-01
      0.1398E+00
      0.1327E+00
      0.1035E+00
      0.1189E+00
      0.1371E+00
      0.1323E+00
      0.1066E+00
      0.2204E+00
      0.2148E+00
      0.1060E+00
      0.1322E+00
      0.1370E+00
      0.1189E+00
      0.1035E+00
      0.1327E+00
      0.1398E+00
      0.8314E-01


     ITER =   16     OBJ = -0.19593137E+03
      0.2780E+01
      0.1350E+00
     -0.6240E+00
     -0.3989E-01
     -0.9307E-03
      0.1063E-02
      0.1052E+03
      0.1028E+03
      0.1004E+03
      0.9979E+02
      0.1004E+03
      0.1010E+03
      0.1001E+03
      0.1048E+03
      0.1036E+03
      0.1035E+03
      0.1049E+03
      0.1001E+03
      0.1010E+03
      0.1004E+03
      0.9979E+02
      0.1004E+03
      0.1896E+02
      0.1028E+03
      0.1052E+03
     -0.1096E-01
     -0.1109E-01
     -0.1418E+00
      0.1571E-01
     -0.4148E-02
     -0.8573E-01
     -0.4267E-01
      0.8182E-02
     -0.5072E-02
     -0.7722E-01
      0.2409E+00
      0.2254E+00
     -0.7878E-01
     -0.5531E-02
      0.8016E-02
     -0.4271E-01
     -0.8573E-01
     -0.4126E-02
      0.1586E-01
     -0.1424E+00


     ITER =   17     OBJ = -0.86086051E+03
     -0.9887E+00
     -0.5820E+01
     -0.4128E+01
     -0.2639E+00
     -0.6164E-02
      0.7029E-02
      0.4697E+03
      0.4537E+03
      0.4376E+03
      0.4336E+03
      0.4377E+03
      0.4415E+03
      0.4356E+03
      0.4669E+03
      0.4585E+03
      0.4582E+03
      0.4672E+03
      0.4355E+03
      0.4415E+03
      0.4377E+03
      0.4336E+03
      0.4376E+03
      0.8943E+02
      0.4537E+03
      0.4697E+03
     -0.1246E+01
     -0.1247E+01
     -0.2112E+01
     -0.1070E+01
     -0.1201E+01
     -0.1741E+01
     -0.1456E+01
     -0.1120E+01
     -0.1207E+01
     -0.1685E+01
      0.4210E+00
      0.3182E+00
     -0.1696E+01
     -0.1211E+01
     -0.1121E+01
     -0.1456E+01
     -0.1741E+01
     -0.1201E+01
     -0.1069E+01
     -0.2116E+01
        NUMBER OF FUNC-CALLS:  NFUNC =  67
        NUMBER OF GRAD-CALLS:  NGRAD =  18
